
2016-01-21T21:58:28.632Z
Cannot find module '../application/controller/favicon.ico'

2016-01-21T21:58:28.632Z
Error: Cannot find module '../application/controller/favicon.ico'
    at Function.Module._resolveFilename (module.js:338:15)
    at Function.require.resolve (module.js:384:19)
    at Server.app (/home/jozreel/Development/www/proj/node_modules/simplejs.js:158:22)
    at Server.EventEmitter.emit (events.js:98:17)
    at HTTPParser.parser.onIncoming (http.js:2108:12)
    at HTTPParser.parserOnHeadersComplete [as onHeadersComplete] (http.js:121:23)
    at CleartextStream.socket.ondata (http.js:1966:22)
    at CleartextStream.read [as _read] (tls.js:511:12)
    at CleartextStream.Readable.read (_stream_readable.js:320:10)
    at EncryptedStream.write [as _write] (tls.js:366:25)

2016-01-21T21:58:40.541Z
Cannot find module '../application/controller/favicon.ico'

2016-01-21T21:58:40.541Z
Error: Cannot find module '../application/controller/favicon.ico'
    at Function.Module._resolveFilename (module.js:338:15)
    at Function.require.resolve (module.js:384:19)
    at Server.app (/home/jozreel/Development/www/proj/node_modules/simplejs.js:158:22)
    at Server.EventEmitter.emit (events.js:98:17)
    at HTTPParser.parser.onIncoming (http.js:2108:12)
    at HTTPParser.parserOnHeadersComplete [as onHeadersComplete] (http.js:121:23)
    at CleartextStream.socket.ondata (http.js:1966:22)
    at CleartextStream.read [as _read] (tls.js:511:12)
    at CleartextStream.Readable.read (_stream_readable.js:320:10)
    at EncryptedStream.write [as _write] (tls.js:366:25)

2016-01-21T21:59:01.007Z
Cannot find module '../application/controller/favicon.ico'

2016-01-21T21:59:01.007Z
Error: Cannot find module '../application/controller/favicon.ico'
    at Function.Module._resolveFilename (module.js:338:15)
    at Function.require.resolve (module.js:384:19)
    at Server.app (/home/jozreel/Development/www/proj/node_modules/simplejs.js:158:22)
    at Server.EventEmitter.emit (events.js:98:17)
    at HTTPParser.parser.onIncoming (http.js:2108:12)
    at HTTPParser.parserOnHeadersComplete [as onHeadersComplete] (http.js:121:23)
    at CleartextStream.socket.ondata (http.js:1966:22)
    at CleartextStream.read [as _read] (tls.js:511:12)
    at CleartextStream.Readable.read (_stream_readable.js:320:10)
    at EncryptedStream.write [as _write] (tls.js:366:25)

2016-01-21T21:59:35.134Z
Cannot find module '../application/controller/favicon.ico'

2016-01-21T21:59:35.134Z
Error: Cannot find module '../application/controller/favicon.ico'
    at Function.Module._resolveFilename (module.js:338:15)
    at Function.require.resolve (module.js:384:19)
    at Server.app (/home/jozreel/Development/www/proj/node_modules/simplejs.js:158:22)
    at Server.EventEmitter.emit (events.js:98:17)
    at HTTPParser.parser.onIncoming (http.js:2108:12)
    at HTTPParser.parserOnHeadersComplete [as onHeadersComplete] (http.js:121:23)
    at Socket.socket.ondata (http.js:1966:22)
    at TCP.onread (net.js:525:27)

2016-01-21T22:00:26.975Z
Cannot find module '../application/controller/favicon.ico'

2016-01-21T22:00:26.975Z
Error: Cannot find module '../application/controller/favicon.ico'
    at Function.Module._resolveFilename (module.js:338:15)
    at Function.require.resolve (module.js:384:19)
    at Server.app (/home/jozreel/Development/www/proj/node_modules/simplejs.js:158:22)
    at Server.EventEmitter.emit (events.js:98:17)
    at HTTPParser.parser.onIncoming (http.js:2108:12)
    at HTTPParser.parserOnHeadersComplete [as onHeadersComplete] (http.js:121:23)
    at Socket.socket.ondata (http.js:1966:22)
    at TCP.onread (net.js:525:27)

2016-01-21T22:00:31.964Z
Cannot find module '../application/controller/favicon.ico'

2016-01-21T22:00:31.964Z
Error: Cannot find module '../application/controller/favicon.ico'
    at Function.Module._resolveFilename (module.js:338:15)
    at Function.require.resolve (module.js:384:19)
    at Server.app (/home/jozreel/Development/www/proj/node_modules/simplejs.js:158:22)
    at Server.EventEmitter.emit (events.js:98:17)
    at HTTPParser.parser.onIncoming (http.js:2108:12)
    at HTTPParser.parserOnHeadersComplete [as onHeadersComplete] (http.js:121:23)
    at Socket.socket.ondata (http.js:1966:22)
    at TCP.onread (net.js:525:27)

2016-01-22T01:59:48.709Z
Cannot find module '../application/controller/favicon.ico'

2016-01-22T01:59:48.709Z
Error: Cannot find module '../application/controller/favicon.ico'
    at Function.Module._resolveFilename (module.js:338:15)
    at Function.require.resolve (module.js:384:19)
    at Server.app (/home/jozreel/Development/www/proj/node_modules/simplejs.js:158:22)
    at Server.EventEmitter.emit (events.js:98:17)
    at HTTPParser.parser.onIncoming (http.js:2108:12)
    at HTTPParser.parserOnHeadersComplete [as onHeadersComplete] (http.js:121:23)
    at Socket.socket.ondata (http.js:1966:22)
    at TCP.onread (net.js:525:27)

2016-01-22T02:05:06.036Z
Cannot find module '../application/controller/favicon.ico'

2016-01-22T02:05:06.036Z
Error: Cannot find module '../application/controller/favicon.ico'
    at Function.Module._resolveFilename (module.js:338:15)
    at Function.require.resolve (module.js:384:19)
    at Server.app (/home/jozreel/Development/www/proj/node_modules/simplejs.js:158:22)
    at Server.EventEmitter.emit (events.js:98:17)
    at HTTPParser.parser.onIncoming (http.js:2108:12)
    at HTTPParser.parserOnHeadersComplete [as onHeadersComplete] (http.js:121:23)
    at Socket.socket.ondata (http.js:1966:22)
    at TCP.onread (net.js:525:27)

2016-01-22T02:05:46.244Z
Cannot find module '../application/controller/favicon.ico'

2016-01-22T02:05:46.244Z
Error: Cannot find module '../application/controller/favicon.ico'
    at Function.Module._resolveFilename (module.js:338:15)
    at Function.require.resolve (module.js:384:19)
    at Server.app (/home/jozreel/Development/www/proj/node_modules/simplejs.js:158:22)
    at Server.EventEmitter.emit (events.js:98:17)
    at HTTPParser.parser.onIncoming (http.js:2108:12)
    at HTTPParser.parserOnHeadersComplete [as onHeadersComplete] (http.js:121:23)
    at Socket.socket.ondata (http.js:1966:22)
    at TCP.onread (net.js:525:27)

2016-01-22T02:12:56.399Z
Cannot find module '../application/controller/favicon.ico'

2016-01-22T02:12:56.399Z
Error: Cannot find module '../application/controller/favicon.ico'
    at Function.Module._resolveFilename (module.js:338:15)
    at Function.require.resolve (module.js:384:19)
    at Server.app (/home/jozreel/Development/www/proj/node_modules/simplejs.js:158:22)
    at Server.EventEmitter.emit (events.js:98:17)
    at HTTPParser.parser.onIncoming (http.js:2108:12)
    at HTTPParser.parserOnHeadersComplete [as onHeadersComplete] (http.js:121:23)
    at Socket.socket.ondata (http.js:1966:22)
    at TCP.onread (net.js:525:27)

2016-01-22T02:15:48.759Z
Cannot find module '../application/controller/favicon.ico'

2016-01-22T02:15:48.759Z
Error: Cannot find module '../application/controller/favicon.ico'
    at Function.Module._resolveFilename (module.js:338:15)
    at Function.require.resolve (module.js:384:19)
    at Server.app (/home/jozreel/Development/www/proj/node_modules/simplejs.js:158:22)
    at Server.EventEmitter.emit (events.js:98:17)
    at HTTPParser.parser.onIncoming (http.js:2108:12)
    at HTTPParser.parserOnHeadersComplete [as onHeadersComplete] (http.js:121:23)
    at Socket.socket.ondata (http.js:1966:22)
    at TCP.onread (net.js:525:27)

2016-01-22T02:16:23.199Z
Cannot find module '../application/controller/favicon.ico'

2016-01-22T02:16:23.199Z
Error: Cannot find module '../application/controller/favicon.ico'
    at Function.Module._resolveFilename (module.js:338:15)
    at Function.require.resolve (module.js:384:19)
    at Server.app (/home/jozreel/Development/www/proj/node_modules/simplejs.js:158:22)
    at Server.EventEmitter.emit (events.js:98:17)
    at HTTPParser.parser.onIncoming (http.js:2108:12)
    at HTTPParser.parserOnHeadersComplete [as onHeadersComplete] (http.js:121:23)
    at Socket.socket.ondata (http.js:1966:22)
    at TCP.onread (net.js:525:27)

2016-01-22T02:16:59.262Z
Cannot find module '../application/controller/favicon.ico'

2016-01-22T02:16:59.262Z
Error: Cannot find module '../application/controller/favicon.ico'
    at Function.Module._resolveFilename (module.js:338:15)
    at Function.require.resolve (module.js:384:19)
    at Server.app (/home/jozreel/Development/www/proj/node_modules/simplejs.js:158:22)
    at Server.EventEmitter.emit (events.js:98:17)
    at HTTPParser.parser.onIncoming (http.js:2108:12)
    at HTTPParser.parserOnHeadersComplete [as onHeadersComplete] (http.js:121:23)
    at Socket.socket.ondata (http.js:1966:22)
    at TCP.onread (net.js:525:27)

2016-01-22T02:17:17.371Z
Cannot find module '../application/controller/favicon.ico'

2016-01-22T02:17:17.371Z
Error: Cannot find module '../application/controller/favicon.ico'
    at Function.Module._resolveFilename (module.js:338:15)
    at Function.require.resolve (module.js:384:19)
    at Server.app (/home/jozreel/Development/www/proj/node_modules/simplejs.js:158:22)
    at Server.EventEmitter.emit (events.js:98:17)
    at HTTPParser.parser.onIncoming (http.js:2108:12)
    at HTTPParser.parserOnHeadersComplete [as onHeadersComplete] (http.js:121:23)
    at Socket.socket.ondata (http.js:1966:22)
    at TCP.onread (net.js:525:27)

2016-01-22T02:17:49.091Z
Cannot find module '../application/controller/favicon.ico'

2016-01-22T02:17:49.091Z
Error: Cannot find module '../application/controller/favicon.ico'
    at Function.Module._resolveFilename (module.js:338:15)
    at Function.require.resolve (module.js:384:19)
    at Server.app (/home/jozreel/Development/www/proj/node_modules/simplejs.js:158:22)
    at Server.EventEmitter.emit (events.js:98:17)
    at HTTPParser.parser.onIncoming (http.js:2108:12)
    at HTTPParser.parserOnHeadersComplete [as onHeadersComplete] (http.js:121:23)
    at Socket.socket.ondata (http.js:1966:22)
    at TCP.onread (net.js:525:27)

2016-01-22T02:21:22.456Z
Cannot find module '../application/controller/favicon.ico'

2016-01-22T02:21:22.456Z
Error: Cannot find module '../application/controller/favicon.ico'
    at Function.Module._resolveFilename (module.js:338:15)
    at Function.require.resolve (module.js:384:19)
    at Server.app (/home/jozreel/Development/www/proj/node_modules/simplejs.js:158:22)
    at Server.EventEmitter.emit (events.js:98:17)
    at HTTPParser.parser.onIncoming (http.js:2108:12)
    at HTTPParser.parserOnHeadersComplete [as onHeadersComplete] (http.js:121:23)
    at Socket.socket.ondata (http.js:1966:22)
    at TCP.onread (net.js:525:27)

2016-01-22T02:29:45.600Z
Cannot find module '../application/controller/favicon.ico'

2016-01-22T02:29:45.600Z
Error: Cannot find module '../application/controller/favicon.ico'
    at Function.Module._resolveFilename (module.js:338:15)
    at Function.require.resolve (module.js:384:19)
    at Server.app (/home/jozreel/Development/www/proj/node_modules/simplejs.js:158:22)
    at Server.EventEmitter.emit (events.js:98:17)
    at HTTPParser.parser.onIncoming (http.js:2108:12)
    at HTTPParser.parserOnHeadersComplete [as onHeadersComplete] (http.js:121:23)
    at Socket.socket.ondata (http.js:1966:22)
    at TCP.onread (net.js:525:27)

2016-01-22T02:30:58.760Z
Cannot find module '../application/controller/favicon.ico'

2016-01-22T02:30:58.760Z
Error: Cannot find module '../application/controller/favicon.ico'
    at Function.Module._resolveFilename (module.js:338:15)
    at Function.require.resolve (module.js:384:19)
    at Server.app (/home/jozreel/Development/www/proj/node_modules/simplejs.js:158:22)
    at Server.EventEmitter.emit (events.js:98:17)
    at HTTPParser.parser.onIncoming (http.js:2108:12)
    at HTTPParser.parserOnHeadersComplete [as onHeadersComplete] (http.js:121:23)
    at Socket.socket.ondata (http.js:1966:22)
    at TCP.onread (net.js:525:27)

2016-01-22T02:31:36.313Z
Cannot find module '../application/controller/favicon.ico'

2016-01-22T02:31:36.313Z
Error: Cannot find module '../application/controller/favicon.ico'
    at Function.Module._resolveFilename (module.js:338:15)
    at Function.require.resolve (module.js:384:19)
    at Server.app (/home/jozreel/Development/www/proj/node_modules/simplejs.js:158:22)
    at Server.EventEmitter.emit (events.js:98:17)
    at HTTPParser.parser.onIncoming (http.js:2108:12)
    at HTTPParser.parserOnHeadersComplete [as onHeadersComplete] (http.js:121:23)
    at CleartextStream.socket.ondata (http.js:1966:22)
    at CleartextStream.read [as _read] (tls.js:511:12)
    at CleartextStream.Readable.read (_stream_readable.js:320:10)
    at EncryptedStream.write [as _write] (tls.js:366:25)

2016-01-22T02:31:39.364Z
Cannot find module '../application/controller/favicon.ico'

2016-01-22T02:31:39.364Z
Error: Cannot find module '../application/controller/favicon.ico'
    at Function.Module._resolveFilename (module.js:338:15)
    at Function.require.resolve (module.js:384:19)
    at Server.app (/home/jozreel/Development/www/proj/node_modules/simplejs.js:158:22)
    at Server.EventEmitter.emit (events.js:98:17)
    at HTTPParser.parser.onIncoming (http.js:2108:12)
    at HTTPParser.parserOnHeadersComplete [as onHeadersComplete] (http.js:121:23)
    at Socket.socket.ondata (http.js:1966:22)
    at TCP.onread (net.js:525:27)

2016-01-22T02:33:19.673Z
Cannot find module '../application/controller/favicon.ico'

2016-01-22T02:33:19.673Z
Error: Cannot find module '../application/controller/favicon.ico'
    at Function.Module._resolveFilename (module.js:338:15)
    at Function.require.resolve (module.js:384:19)
    at Server.app (/home/jozreel/Development/www/proj/node_modules/simplejs.js:158:22)
    at Server.EventEmitter.emit (events.js:98:17)
    at HTTPParser.parser.onIncoming (http.js:2108:12)
    at HTTPParser.parserOnHeadersComplete [as onHeadersComplete] (http.js:121:23)
    at Socket.socket.ondata (http.js:1966:22)
    at TCP.onread (net.js:525:27)

2016-01-22T03:03:55.487Z
Cannot find module '../application/controller/favicon.ico'

2016-01-22T03:03:55.487Z
Error: Cannot find module '../application/controller/favicon.ico'
    at Function.Module._resolveFilename (module.js:338:15)
    at Function.require.resolve (module.js:384:19)
    at Server.app (/home/jozreel/Development/www/proj/node_modules/simplejs.js:158:22)
    at Server.EventEmitter.emit (events.js:98:17)
    at HTTPParser.parser.onIncoming (http.js:2108:12)
    at HTTPParser.parserOnHeadersComplete [as onHeadersComplete] (http.js:121:23)
    at CleartextStream.socket.ondata (http.js:1966:22)
    at CleartextStream.read [as _read] (tls.js:511:12)
    at CleartextStream.Readable.read (_stream_readable.js:320:10)
    at EncryptedStream.write [as _write] (tls.js:366:25)

2016-01-22T03:04:04.399Z
Cannot find module '../application/controller/favicon.ico'

2016-01-22T03:04:04.399Z
Error: Cannot find module '../application/controller/favicon.ico'
    at Function.Module._resolveFilename (module.js:338:15)
    at Function.require.resolve (module.js:384:19)
    at Server.app (/home/jozreel/Development/www/proj/node_modules/simplejs.js:158:22)
    at Server.EventEmitter.emit (events.js:98:17)
    at HTTPParser.parser.onIncoming (http.js:2108:12)
    at HTTPParser.parserOnHeadersComplete [as onHeadersComplete] (http.js:121:23)
    at CleartextStream.socket.ondata (http.js:1966:22)
    at CleartextStream.read [as _read] (tls.js:511:12)
    at CleartextStream.Readable.read (_stream_readable.js:320:10)
    at EncryptedStream.write [as _write] (tls.js:366:25)

2016-01-22T03:32:15.501Z
Cannot find module '../application/controller/favicon.ico'

2016-01-22T03:32:15.501Z
Error: Cannot find module '../application/controller/favicon.ico'
    at Function.Module._resolveFilename (module.js:338:15)
    at Function.require.resolve (module.js:384:19)
    at Server.app (/home/jozreel/Development/www/proj/node_modules/simplejs.js:158:22)
    at Server.EventEmitter.emit (events.js:98:17)
    at HTTPParser.parser.onIncoming (http.js:2108:12)
    at HTTPParser.parserOnHeadersComplete [as onHeadersComplete] (http.js:121:23)
    at CleartextStream.socket.ondata (http.js:1966:22)
    at CleartextStream.read [as _read] (tls.js:511:12)
    at CleartextStream.Readable.read (_stream_readable.js:320:10)
    at EncryptedStream.write [as _write] (tls.js:366:25)

2016-01-22T03:32:21.647Z
Cannot find module '../application/controller/favicon.ico'

2016-01-22T03:32:21.647Z
Error: Cannot find module '../application/controller/favicon.ico'
    at Function.Module._resolveFilename (module.js:338:15)
    at Function.require.resolve (module.js:384:19)
    at Server.app (/home/jozreel/Development/www/proj/node_modules/simplejs.js:158:22)
    at Server.EventEmitter.emit (events.js:98:17)
    at HTTPParser.parser.onIncoming (http.js:2108:12)
    at HTTPParser.parserOnHeadersComplete [as onHeadersComplete] (http.js:121:23)
    at CleartextStream.socket.ondata (http.js:1966:22)
    at CleartextStream.read [as _read] (tls.js:511:12)
    at CleartextStream.Readable.read (_stream_readable.js:320:10)
    at EncryptedStream.write [as _write] (tls.js:366:25)

2016-01-22T03:58:10.611Z
Cannot find module '../application/controller/favicon.ico'

2016-01-22T03:58:10.611Z
Error: Cannot find module '../application/controller/favicon.ico'
    at Function.Module._resolveFilename (module.js:338:15)
    at Function.require.resolve (module.js:384:19)
    at Server.app (/home/jozreel/Development/www/proj/node_modules/simplejs.js:158:22)
    at Server.EventEmitter.emit (events.js:98:17)
    at HTTPParser.parser.onIncoming (http.js:2108:12)
    at HTTPParser.parserOnHeadersComplete [as onHeadersComplete] (http.js:121:23)
    at CleartextStream.socket.ondata (http.js:1966:22)
    at CleartextStream.read [as _read] (tls.js:511:12)
    at CleartextStream.Readable.read (_stream_readable.js:320:10)
    at EncryptedStream.write [as _write] (tls.js:366:25)

2016-01-22T10:32:52.515Z
Cannot find module '../application/controller/favicon.ico'

2016-01-22T10:32:52.515Z
Error: Cannot find module '../application/controller/favicon.ico'
    at Function.Module._resolveFilename (module.js:338:15)
    at Function.require.resolve (module.js:384:19)
    at Server.app (/home/jozreel/Development/www/proj/node_modules/simplejs.js:158:22)
    at Server.EventEmitter.emit (events.js:98:17)
    at HTTPParser.parser.onIncoming (http.js:2108:12)
    at HTTPParser.parserOnHeadersComplete [as onHeadersComplete] (http.js:121:23)
    at CleartextStream.socket.ondata (http.js:1966:22)
    at CleartextStream.read [as _read] (tls.js:511:12)
    at CleartextStream.Readable.read (_stream_readable.js:320:10)
    at EncryptedStream.write [as _write] (tls.js:366:25)

2016-01-22T10:33:01.430Z
Cannot find module '../application/controller/favicon.ico'

2016-01-22T10:33:01.430Z
Error: Cannot find module '../application/controller/favicon.ico'
    at Function.Module._resolveFilename (module.js:338:15)
    at Function.require.resolve (module.js:384:19)
    at Server.app (/home/jozreel/Development/www/proj/node_modules/simplejs.js:158:22)
    at Server.EventEmitter.emit (events.js:98:17)
    at HTTPParser.parser.onIncoming (http.js:2108:12)
    at HTTPParser.parserOnHeadersComplete [as onHeadersComplete] (http.js:121:23)
    at CleartextStream.socket.ondata (http.js:1966:22)
    at CleartextStream.read [as _read] (tls.js:511:12)
    at CleartextStream.Readable.read (_stream_readable.js:320:10)
    at EncryptedStream.write [as _write] (tls.js:366:25)

2016-01-22T10:35:29.282Z
Cannot find module '../application/controller/favicon.ico'

2016-01-22T10:35:29.282Z
Error: Cannot find module '../application/controller/favicon.ico'
    at Function.Module._resolveFilename (module.js:338:15)
    at Function.require.resolve (module.js:384:19)
    at Server.app (/home/jozreel/Development/www/proj/node_modules/simplejs.js:158:22)
    at Server.EventEmitter.emit (events.js:98:17)
    at HTTPParser.parser.onIncoming (http.js:2108:12)
    at HTTPParser.parserOnHeadersComplete [as onHeadersComplete] (http.js:121:23)
    at Socket.socket.ondata (http.js:1966:22)
    at TCP.onread (net.js:525:27)

2016-01-22T21:05:40.901Z
Cannot find module '../application/controller/favicon.ico'

2016-01-22T21:05:40.901Z
Error: Cannot find module '../application/controller/favicon.ico'
    at Function.Module._resolveFilename (module.js:338:15)
    at Function.require.resolve (module.js:384:19)
    at Server.app (/home/jozreel/Development/www/proj/node_modules/simplejs.js:158:22)
    at Server.EventEmitter.emit (events.js:98:17)
    at HTTPParser.parser.onIncoming (http.js:2108:12)
    at HTTPParser.parserOnHeadersComplete [as onHeadersComplete] (http.js:121:23)
    at Socket.socket.ondata (http.js:1966:22)
    at TCP.onread (net.js:525:27)

2016-01-23T21:09:05.907Z
Cannot find module '../application/controller/favicon.ico'

2016-01-23T21:09:05.907Z
Error: Cannot find module '../application/controller/favicon.ico'
    at Function.Module._resolveFilename (module.js:325:15)
    at Function.require.resolve (internal/module.js:16:19)
    at Server.app (/home/jozreel/Development/www/proj/node_modules/simplejs.js:158:22)
    at emitTwo (events.js:87:13)
    at Server.emit (events.js:172:7)
    at HTTPParser.parserOnIncoming [as onIncoming] (_http_server.js:529:12)
    at HTTPParser.parserOnHeadersComplete (_http_common.js:88:23)

2016-01-23T21:10:39.769Z
Cannot find module '../application/controller/favicon.ico'

2016-01-23T21:10:39.769Z
Error: Cannot find module '../application/controller/favicon.ico'
    at Function.Module._resolveFilename (module.js:325:15)
    at Function.require.resolve (internal/module.js:16:19)
    at Server.app (/home/jozreel/Development/www/proj/node_modules/simplejs.js:158:22)
    at emitTwo (events.js:87:13)
    at Server.emit (events.js:172:7)
    at HTTPParser.parserOnIncoming [as onIncoming] (_http_server.js:529:12)
    at HTTPParser.parserOnHeadersComplete (_http_common.js:88:23)

2016-01-23T21:11:54.795Z
Error: Cannot find module '../application/controller/favicon.ico'
    at Function.Module._resolveFilename (module.js:325:15)
    at Function.require.resolve (internal/module.js:16:19)
    at Server.app (/home/jozreel/Development/www/proj/node_modules/simplejs.js:158:22)
    at emitTwo (events.js:87:13)
    at Server.emit (events.js:172:7)
    at HTTPParser.parserOnIncoming [as onIncoming] (_http_server.js:529:12)
    at HTTPParser.parserOnHeadersComplete (_http_common.js:88:23)

2016-01-23T21:11:54.795Z
Cannot find module '../application/controller/favicon.ico'

2016-01-24T14:56:56.243Z
Cannot find module '../application/controller/favicon.ico'

2016-01-24T14:56:56.243Z
Error: Cannot find module '../application/controller/favicon.ico'
    at Function.Module._resolveFilename (module.js:325:15)
    at Function.require.resolve (internal/module.js:16:19)
    at Server.app (/home/jozreel/Development/www/proj/node_modules/simplejs.js:158:22)
    at emitTwo (events.js:87:13)
    at Server.emit (events.js:172:7)
    at HTTPParser.parserOnIncoming [as onIncoming] (_http_server.js:529:12)
    at HTTPParser.parserOnHeadersComplete (_http_common.js:88:23)

2016-01-24T17:40:16.401Z
Cannot find module '../application/controller/favicon.ico'

2016-01-24T17:40:16.401Z
Error: Cannot find module '../application/controller/favicon.ico'
    at Function.Module._resolveFilename (module.js:325:15)
    at Function.require.resolve (internal/module.js:16:19)
    at Server.app (/home/jozreel/Development/www/proj/node_modules/simplejs.js:158:22)
    at emitTwo (events.js:87:13)
    at Server.emit (events.js:172:7)
    at HTTPParser.parserOnIncoming [as onIncoming] (_http_server.js:529:12)
    at HTTPParser.parserOnHeadersComplete (_http_common.js:88:23)

2016-01-24T17:42:05.615Z
Cannot find module '../application/controller/favicon.ico'

2016-01-24T17:42:05.615Z
Error: Cannot find module '../application/controller/favicon.ico'
    at Function.Module._resolveFilename (module.js:325:15)
    at Function.require.resolve (internal/module.js:16:19)
    at Server.app (/home/jozreel/Development/www/proj/node_modules/simplejs.js:158:22)
    at emitTwo (events.js:87:13)
    at Server.emit (events.js:172:7)
    at HTTPParser.parserOnIncoming [as onIncoming] (_http_server.js:529:12)
    at HTTPParser.parserOnHeadersComplete (_http_common.js:88:23)

2016-01-24T17:46:05.171Z
Cannot find module '../application/controller/favicon.ico'

2016-01-24T17:46:05.171Z
Error: Cannot find module '../application/controller/favicon.ico'
    at Function.Module._resolveFilename (module.js:325:15)
    at Function.require.resolve (internal/module.js:16:19)
    at Server.app (/home/jozreel/Development/www/proj/node_modules/simplejs.js:158:22)
    at emitTwo (events.js:87:13)
    at Server.emit (events.js:172:7)
    at HTTPParser.parserOnIncoming [as onIncoming] (_http_server.js:529:12)
    at HTTPParser.parserOnHeadersComplete (_http_common.js:88:23)

2016-01-24T18:07:50.715Z
Cannot find module '../application/controller/favicon.ico'

2016-01-24T18:07:50.715Z
Error: Cannot find module '../application/controller/favicon.ico'
    at Function.Module._resolveFilename (module.js:325:15)
    at Function.require.resolve (internal/module.js:16:19)
    at Server.app (/home/jozreel/Development/www/proj/node_modules/simplejs.js:158:22)
    at emitTwo (events.js:87:13)
    at Server.emit (events.js:172:7)
    at HTTPParser.parserOnIncoming [as onIncoming] (_http_server.js:529:12)
    at HTTPParser.parserOnHeadersComplete (_http_common.js:88:23)

2016-01-24T18:42:13.055Z
Cannot find module '../application/controller/favicon.ico'

2016-01-24T18:42:13.055Z
Error: Cannot find module '../application/controller/favicon.ico'
    at Function.Module._resolveFilename (module.js:325:15)
    at Function.require.resolve (internal/module.js:16:19)
    at Server.app (/home/jozreel/Development/www/proj/node_modules/simplejs.js:158:22)
    at emitTwo (events.js:87:13)
    at Server.emit (events.js:172:7)
    at HTTPParser.parserOnIncoming [as onIncoming] (_http_server.js:529:12)
    at HTTPParser.parserOnHeadersComplete (_http_common.js:88:23)

2016-01-24T18:42:15.562Z
Cannot find module '../application/controller/favicon.ico'

2016-01-24T18:42:15.562Z
Error: Cannot find module '../application/controller/favicon.ico'
    at Function.Module._resolveFilename (module.js:325:15)
    at Function.require.resolve (internal/module.js:16:19)
    at Server.app (/home/jozreel/Development/www/proj/node_modules/simplejs.js:158:22)
    at emitTwo (events.js:87:13)
    at Server.emit (events.js:172:7)
    at HTTPParser.parserOnIncoming [as onIncoming] (_http_server.js:529:12)
    at HTTPParser.parserOnHeadersComplete (_http_common.js:88:23)

2016-01-24T18:45:22.947Z
Cannot find module '../application/controller/favicon.ico'

2016-01-24T18:45:22.947Z
Error: Cannot find module '../application/controller/favicon.ico'
    at Function.Module._resolveFilename (module.js:325:15)
    at Function.require.resolve (internal/module.js:16:19)
    at Server.app (/home/jozreel/Development/www/proj/node_modules/simplejs.js:158:22)
    at emitTwo (events.js:87:13)
    at Server.emit (events.js:172:7)
    at HTTPParser.parserOnIncoming [as onIncoming] (_http_server.js:529:12)
    at HTTPParser.parserOnHeadersComplete (_http_common.js:88:23)

2016-01-24T18:45:56.452Z
Cannot find module '../application/controller/favicon.ico'

2016-01-24T18:45:56.452Z
Error: Cannot find module '../application/controller/favicon.ico'
    at Function.Module._resolveFilename (module.js:325:15)
    at Function.require.resolve (internal/module.js:16:19)
    at Server.app (/home/jozreel/Development/www/proj/node_modules/simplejs.js:158:22)
    at emitTwo (events.js:87:13)
    at Server.emit (events.js:172:7)
    at HTTPParser.parserOnIncoming [as onIncoming] (_http_server.js:529:12)
    at HTTPParser.parserOnHeadersComplete (_http_common.js:88:23)

2016-01-24T18:46:13.869Z
Cannot find module '../application/controller/favicon.ico'

2016-01-24T18:46:13.869Z
Error: Cannot find module '../application/controller/favicon.ico'
    at Function.Module._resolveFilename (module.js:325:15)
    at Function.require.resolve (internal/module.js:16:19)
    at Server.app (/home/jozreel/Development/www/proj/node_modules/simplejs.js:158:22)
    at emitTwo (events.js:87:13)
    at Server.emit (events.js:172:7)
    at HTTPParser.parserOnIncoming [as onIncoming] (_http_server.js:529:12)
    at HTTPParser.parserOnHeadersComplete (_http_common.js:88:23)

2016-01-24T21:33:35.933Z
Cannot find module '../application/controller/favicon.ico'

2016-01-24T21:33:35.933Z
Error: Cannot find module '../application/controller/favicon.ico'
    at Function.Module._resolveFilename (module.js:325:15)
    at Function.require.resolve (internal/module.js:16:19)
    at Server.app (/home/jozreel/Development/www/proj/node_modules/simplejs.js:158:22)
    at emitTwo (events.js:87:13)
    at Server.emit (events.js:172:7)
    at HTTPParser.parserOnIncoming [as onIncoming] (_http_server.js:529:12)
    at HTTPParser.parserOnHeadersComplete (_http_common.js:88:23)

2016-01-24T22:45:36.372Z
Cannot find module '../application/controller/favicon.ico'

2016-01-24T22:45:36.372Z
Error: Cannot find module '../application/controller/favicon.ico'
    at Function.Module._resolveFilename (module.js:325:15)
    at Function.require.resolve (internal/module.js:16:19)
    at Server.app (/home/jozreel/Development/www/proj/node_modules/simplejs.js:158:22)
    at emitTwo (events.js:87:13)
    at Server.emit (events.js:172:7)
    at HTTPParser.parserOnIncoming [as onIncoming] (_http_server.js:529:12)
    at HTTPParser.parserOnHeadersComplete (_http_common.js:88:23)

2016-01-25T00:16:06.360Z
Cannot find module '../application/controller/favicon.ico'

2016-01-25T00:16:06.360Z
Error: Cannot find module '../application/controller/favicon.ico'
    at Function.Module._resolveFilename (module.js:325:15)
    at Function.require.resolve (internal/module.js:16:19)
    at Server.app (/home/jozreel/Development/www/proj/node_modules/simplejs.js:158:22)
    at emitTwo (events.js:87:13)
    at Server.emit (events.js:172:7)
    at HTTPParser.parserOnIncoming [as onIncoming] (_http_server.js:529:12)
    at HTTPParser.parserOnHeadersComplete (_http_common.js:88:23)

2016-01-25T03:04:39.921Z
Cannot find module '../application/controller/favicon.ico'

2016-01-25T03:04:39.921Z
Error: Cannot find module '../application/controller/favicon.ico'
    at Function.Module._resolveFilename (module.js:325:15)
    at Function.require.resolve (internal/module.js:16:19)
    at Server.app (/home/jozreel/Development/www/proj/node_modules/simplejs.js:158:22)
    at emitTwo (events.js:87:13)
    at Server.emit (events.js:172:7)
    at HTTPParser.parserOnIncoming [as onIncoming] (_http_server.js:529:12)
    at HTTPParser.parserOnHeadersComplete (_http_common.js:88:23)

2016-01-25T03:07:31.654Z
Cannot find module '../application/controller/favicon.ico'

2016-01-25T03:07:31.654Z
Error: Cannot find module '../application/controller/favicon.ico'
    at Function.Module._resolveFilename (module.js:325:15)
    at Function.require.resolve (internal/module.js:16:19)
    at Server.app (/home/jozreel/Development/www/proj/node_modules/simplejs.js:158:22)
    at emitTwo (events.js:87:13)
    at Server.emit (events.js:172:7)
    at HTTPParser.parserOnIncoming [as onIncoming] (_http_server.js:529:12)
    at HTTPParser.parserOnHeadersComplete (_http_common.js:88:23)

2016-01-25T11:22:36.988Z
Cannot find module '../application/controller/favicon.ico'

2016-01-25T11:22:36.988Z
Error: Cannot find module '../application/controller/favicon.ico'
    at Function.Module._resolveFilename (module.js:325:15)
    at Function.require.resolve (internal/module.js:16:19)
    at Server.app (/home/jozreel/Development/www/proj/node_modules/simplejs.js:158:22)
    at emitTwo (events.js:87:13)
    at Server.emit (events.js:172:7)
    at HTTPParser.parserOnIncoming [as onIncoming] (_http_server.js:529:12)
    at HTTPParser.parserOnHeadersComplete (_http_common.js:88:23)

2016-01-25T11:22:38.989Z
Cannot find module '../application/controller/favicon.ico'

2016-01-25T11:22:38.989Z
Error: Cannot find module '../application/controller/favicon.ico'
    at Function.Module._resolveFilename (module.js:325:15)
    at Function.require.resolve (internal/module.js:16:19)
    at Server.app (/home/jozreel/Development/www/proj/node_modules/simplejs.js:158:22)
    at emitTwo (events.js:87:13)
    at Server.emit (events.js:172:7)
    at HTTPParser.parserOnIncoming [as onIncoming] (_http_server.js:529:12)
    at HTTPParser.parserOnHeadersComplete (_http_common.js:88:23)

2016-01-26T01:25:08.736Z
Cannot find module '../application/controller/favicon.ico'

2016-01-26T01:25:08.736Z
Error: Cannot find module '../application/controller/favicon.ico'
    at Function.Module._resolveFilename (module.js:325:15)
    at Function.require.resolve (internal/module.js:16:19)
    at Server.app (/home/jozreel/Development/www/proj/node_modules/simplejs.js:158:22)
    at emitTwo (events.js:87:13)
    at Server.emit (events.js:172:7)
    at HTTPParser.parserOnIncoming [as onIncoming] (_http_server.js:529:12)
    at HTTPParser.parserOnHeadersComplete (_http_common.js:88:23)

2016-01-26T01:26:46.954Z
Cannot find module '../application/controller/favicon.ico'

2016-01-26T01:26:46.954Z
Error: Cannot find module '../application/controller/favicon.ico'
    at Function.Module._resolveFilename (module.js:325:15)
    at Function.require.resolve (internal/module.js:16:19)
    at Server.app (/home/jozreel/Development/www/proj/node_modules/simplejs.js:158:22)
    at emitTwo (events.js:87:13)
    at Server.emit (events.js:172:7)
    at HTTPParser.parserOnIncoming [as onIncoming] (_http_server.js:529:12)
    at HTTPParser.parserOnHeadersComplete (_http_common.js:88:23)

2016-01-27T03:06:07.846Z
Cannot find module '../application/controller/favicon.ico'

2016-01-27T03:06:07.846Z
Error: Cannot find module '../application/controller/favicon.ico'
    at Function.Module._resolveFilename (module.js:325:15)
    at Function.require.resolve (internal/module.js:16:19)
    at Server.app (/home/jozreel/Development/www/proj/node_modules/simplejs.js:158:22)
    at emitTwo (events.js:87:13)
    at Server.emit (events.js:172:7)
    at HTTPParser.parserOnIncoming [as onIncoming] (_http_server.js:529:12)
    at HTTPParser.parserOnHeadersComplete (_http_common.js:88:23)
